2023-09-17 17:06:34,111 subsystems 0/6 INFO :: Building subproblem matrices 1/22 (~5%) Elapsed: 0s, Remaining: 4s, Rate: 5.8e+00/s
2023-09-17 17:06:34,215 subsystems 0/6 INFO :: Building subproblem matrices 3/22 (~14%) Elapsed: 0s, Remaining: 2s, Rate: 1.1e+01/s
2023-09-17 17:06:34,369 subsystems 0/6 INFO :: Building subproblem matrices 6/22 (~27%) Elapsed: 0s, Remaining: 1s, Rate: 1.4e+01/s
2023-09-17 17:06:34,523 subsystems 0/6 INFO :: Building subproblem matrices 9/22 (~41%) Elapsed: 1s, Remaining: 1s, Rate: 1.5e+01/s
2023-09-17 17:06:34,677 subsystems 0/6 INFO :: Building subproblem matrices 12/22 (~55%) Elapsed: 1s, Remaining: 1s, Rate: 1.6e+01/s
2023-09-17 17:06:34,831 subsystems 0/6 INFO :: Building subproblem matrices 15/22 (~68%) Elapsed: 1s, Remaining: 0s, Rate: 1.7e+01/s
2023-09-17 17:06:34,984 subsystems 0/6 INFO :: Building subproblem matrices 18/22 (~82%) Elapsed: 1s, Remaining: 0s, Rate: 1.7e+01/s
2023-09-17 17:06:35,141 subsystems 0/6 INFO :: Building subproblem matrices 21/22 (~95%) Elapsed: 1s, Remaining: 0s, Rate: 1.7e+01/s
2023-09-17 17:06:35,193 subsystems 0/6 INFO :: Building subproblem matrices 22/22 (~100%) Elapsed: 1s, Remaining: 0s, Rate: 1.8e+01/s
2023-09-17 17:06:35,259 __main__ 0/6 INFO :: Starting main loop
2023-09-17 17:06:36,083 __main__ 0/6 INFO :: Iteration=1, Time=1.250000e-01, dt=1.250000e-01, max(Re)=0.000000
2023-09-17 17:06:36,261 __main__ 0/6 INFO :: Iteration=11, Time=1.375000e+00, dt=1.250000e-01, max(Re)=0.121663
2023-09-17 17:06:36,440 __main__ 0/6 INFO :: Iteration=21, Time=2.625000e+00, dt=1.250000e-01, max(Re)=0.276993
2023-09-17 17:06:36,623 __main__ 0/6 INFO :: Iteration=31, Time=3.875000e+00, dt=1.250000e-01, max(Re)=0.683213
2023-09-17 17:06:36,801 __main__ 0/6 INFO :: Iteration=41, Time=5.125000e+00, dt=1.250000e-01, max(Re)=1.807417
2023-09-17 17:06:36,979 __main__ 0/6 INFO :: Iteration=51, Time=6.375000e+00, dt=1.250000e-01, max(Re)=4.956754
2023-09-17 17:06:37,153 __main__ 0/6 INFO :: Iteration=61, Time=7.625000e+00, dt=1.250000e-01, max(Re)=13.926039
2023-09-17 17:06:37,332 __main__ 0/6 INFO :: Iteration=71, Time=8.875000e+00, dt=1.250000e-01, max(Re)=39.637450
2023-09-17 17:06:37,510 __main__ 0/6 INFO :: Iteration=81, Time=1.012500e+01, dt=1.250000e-01, max(Re)=113.362271
2023-09-17 17:06:37,685 __main__ 0/6 INFO :: Iteration=91, Time=1.137500e+01, dt=1.250000e-01, max(Re)=318.447934
2023-09-17 17:06:37,943 __main__ 0/6 INFO :: Iteration=101, Time=1.200000e+01, dt=6.250000e-02, max(Re)=532.452545
2023-09-17 17:06:38,176 __main__ 0/6 INFO :: Iteration=111, Time=1.231250e+01, dt=3.125000e-02, max(Re)=671.185303
2023-09-17 17:06:38,388 __main__ 0/6 INFO :: Iteration=121, Time=1.251519e+01, dt=2.026851e-02, max(Re)=764.024626
2023-09-17 17:06:38,642 __main__ 0/6 INFO :: Iteration=131, Time=1.268321e+01, dt=1.680213e-02, max(Re)=840.183765
2023-09-17 17:06:38,861 __main__ 0/6 INFO :: Iteration=141, Time=1.282873e+01, dt=1.455193e-02, max(Re)=909.675463
2023-09-17 17:06:39,074 __main__ 0/6 INFO :: Iteration=151, Time=1.295762e+01, dt=1.288934e-02, max(Re)=968.526781
2023-09-17 17:06:39,298 __main__ 0/6 INFO :: Iteration=161, Time=1.307416e+01, dt=1.165361e-02, max(Re)=1019.102811
2023-09-17 17:06:39,516 __main__ 0/6 INFO :: Iteration=171, Time=1.318158e+01, dt=1.074280e-02, max(Re)=1068.019653
2023-09-17 17:06:39,738 __main__ 0/6 INFO :: Iteration=181, Time=1.328226e+01, dt=1.006776e-02, max(Re)=1109.914618
2023-09-17 17:06:39,948 __main__ 0/6 INFO :: Iteration=191, Time=1.337756e+01, dt=9.529498e-03, max(Re)=1154.200013
2023-09-17 17:06:40,090 __main__ 0/6 INFO :: Iteration=201, Time=1.347285e+01, dt=9.529498e-03, max(Re)=1197.554286
2023-09-17 17:06:40,311 __main__ 0/6 INFO :: Iteration=211, Time=1.356112e+01, dt=8.827348e-03, max(Re)=1231.773759
2023-09-17 17:06:40,457 __main__ 0/6 INFO :: Iteration=221, Time=1.364940e+01, dt=8.827348e-03, max(Re)=1257.405400
2023-09-17 17:06:40,598 __main__ 0/6 INFO :: Iteration=231, Time=1.373767e+01, dt=8.827348e-03, max(Re)=1272.666734
2023-09-17 17:06:40,822 __main__ 0/6 INFO :: Iteration=241, Time=1.381909e+01, dt=8.142287e-03, max(Re)=1278.237203
2023-09-17 17:06:40,987 __main__ 0/6 INFO :: Iteration=251, Time=1.390052e+01, dt=8.142287e-03, max(Re)=1272.153329
2023-09-17 17:06:41,217 __main__ 0/6 INFO :: Iteration=261, Time=1.397642e+01, dt=7.590742e-03, max(Re)=1271.247482
2023-09-17 17:06:41,367 __main__ 0/6 INFO :: Iteration=271, Time=1.405233e+01, dt=7.590742e-03, max(Re)=1270.206907
2023-09-17 17:06:41,506 __main__ 0/6 INFO :: Iteration=281, Time=1.412824e+01, dt=7.590742e-03, max(Re)=1257.108181
2023-09-17 17:06:41,646 __main__ 0/6 INFO :: Iteration=291, Time=1.420415e+01, dt=7.590742e-03, max(Re)=1242.592104
2023-09-17 17:06:41,794 __main__ 0/6 INFO :: Iteration=301, Time=1.428005e+01, dt=7.590742e-03, max(Re)=1234.552105
2023-09-17 17:06:41,934 __main__ 0/6 INFO :: Iteration=311, Time=1.435596e+01, dt=7.590742e-03, max(Re)=1240.291960
2023-09-17 17:06:42,074 __main__ 0/6 INFO :: Iteration=321, Time=1.443187e+01, dt=7.590742e-03, max(Re)=1241.473637
2023-09-17 17:06:42,223 __main__ 0/6 INFO :: Iteration=331, Time=1.450778e+01, dt=7.590742e-03, max(Re)=1238.249965
2023-09-17 17:06:42,365 __main__ 0/6 INFO :: Iteration=341, Time=1.458368e+01, dt=7.590742e-03, max(Re)=1223.879810
2023-09-17 17:06:42,505 __main__ 0/6 INFO :: Iteration=351, Time=1.465959e+01, dt=7.590742e-03, max(Re)=1215.670036
2023-09-17 17:06:42,645 __main__ 0/6 INFO :: Iteration=361, Time=1.473550e+01, dt=7.590742e-03, max(Re)=1192.428153
2023-09-17 17:06:42,789 __main__ 0/6 INFO :: Iteration=371, Time=1.481141e+01, dt=7.590742e-03, max(Re)=1162.679899
2023-09-17 17:06:42,928 __main__ 0/6 INFO :: Iteration=381, Time=1.488731e+01, dt=7.590742e-03, max(Re)=1127.565846
2023-09-17 17:06:43,146 __main__ 0/6 INFO :: Iteration=391, Time=1.496985e+01, dt=8.253368e-03, max(Re)=1081.252765
2023-09-17 17:06:43,377 __main__ 0/6 INFO :: Iteration=401, Time=1.505677e+01, dt=8.692447e-03, max(Re)=1105.327675
2023-09-17 17:06:43,519 __main__ 0/6 INFO :: Iteration=411, Time=1.514370e+01, dt=8.692447e-03, max(Re)=1126.516525
2023-09-17 17:06:43,659 __main__ 0/6 INFO :: Iteration=421, Time=1.523062e+01, dt=8.692447e-03, max(Re)=1137.554628
2023-09-17 17:06:43,810 __main__ 0/6 INFO :: Iteration=431, Time=1.531754e+01, dt=8.692447e-03, max(Re)=1148.190109
2023-09-17 17:06:43,955 __main__ 0/6 INFO :: Iteration=441, Time=1.540447e+01, dt=8.692447e-03, max(Re)=1144.138085
2023-09-17 17:06:44,102 __main__ 0/6 INFO :: Iteration=451, Time=1.549139e+01, dt=8.692447e-03, max(Re)=1131.719984
2023-09-17 17:06:44,255 __main__ 0/6 INFO :: Iteration=461, Time=1.557832e+01, dt=8.692447e-03, max(Re)=1118.161429
2023-09-17 17:06:44,401 __main__ 0/6 INFO :: Iteration=471, Time=1.566524e+01, dt=8.692447e-03, max(Re)=1094.650711
2023-09-17 17:06:44,547 __main__ 0/6 INFO :: Iteration=481, Time=1.575217e+01, dt=8.692447e-03, max(Re)=1070.056690
2023-09-17 17:06:44,703 __main__ 0/6 INFO :: Iteration=491, Time=1.583909e+01, dt=8.692447e-03, max(Re)=1045.830350
2023-09-17 17:06:44,851 __main__ 0/6 INFO :: Iteration=501, Time=1.592602e+01, dt=8.692447e-03, max(Re)=1068.508908
2023-09-17 17:06:45,010 __main__ 0/6 INFO :: Iteration=511, Time=1.601294e+01, dt=8.692447e-03, max(Re)=1083.601680
2023-09-17 17:06:45,255 __main__ 0/6 INFO :: Iteration=521, Time=1.610566e+01, dt=9.272374e-03, max(Re)=1096.398390
2023-09-17 17:06:45,403 __main__ 0/6 INFO :: Iteration=531, Time=1.619839e+01, dt=9.272374e-03, max(Re)=1097.552962
2023-09-17 17:06:45,556 __main__ 0/6 INFO :: Iteration=541, Time=1.629111e+01, dt=9.272374e-03, max(Re)=1091.039724
2023-09-17 17:06:45,774 __main__ 0/6 INFO :: Iteration=551, Time=1.639009e+01, dt=9.897506e-03, max(Re)=1079.322382
2023-09-17 17:06:45,918 __main__ 0/6 INFO :: Iteration=561, Time=1.648906e+01, dt=9.897506e-03, max(Re)=1073.834557
2023-09-17 17:06:46,067 __main__ 0/6 INFO :: Iteration=571, Time=1.658804e+01, dt=9.897506e-03, max(Re)=1070.292003
2023-09-17 17:06:46,284 __main__ 0/6 INFO :: Iteration=581, Time=1.669402e+01, dt=1.059792e-02, max(Re)=1065.078299
2023-09-17 17:06:46,441 __main__ 0/6 INFO :: Iteration=591, Time=1.680000e+01, dt=1.059792e-02, max(Re)=1056.742211
2023-09-17 17:06:46,590 __main__ 0/6 INFO :: Iteration=601, Time=1.690597e+01, dt=1.059792e-02, max(Re)=1047.465350
2023-09-17 17:06:48,203 __main__ 0/6 INFO :: Iteration=611, Time=1.701760e+01, dt=1.116249e-02, max(Re)=1025.004565
2023-09-17 17:06:48,346 __main__ 0/6 INFO :: Iteration=621, Time=1.712922e+01, dt=1.116249e-02, max(Re)=994.495604
2023-09-17 17:06:48,560 __main__ 0/6 INFO :: Iteration=631, Time=1.723204e+01, dt=1.028154e-02, max(Re)=966.327799
2023-09-17 17:06:48,710 __main__ 0/6 INFO :: Iteration=641, Time=1.733486e+01, dt=1.028154e-02, max(Re)=941.422493
2023-09-17 17:06:48,852 __main__ 0/6 INFO :: Iteration=651, Time=1.743767e+01, dt=1.028154e-02, max(Re)=926.107445
2023-09-17 17:06:49,006 __main__ 0/6 INFO :: Iteration=661, Time=1.754049e+01, dt=1.028154e-02, max(Re)=914.844137
2023-09-17 17:06:49,149 __main__ 0/6 INFO :: Iteration=671, Time=1.764330e+01, dt=1.028154e-02, max(Re)=905.398646
2023-09-17 17:06:49,290 __main__ 0/6 INFO :: Iteration=681, Time=1.774612e+01, dt=1.028154e-02, max(Re)=893.009435
2023-09-17 17:06:49,442 __main__ 0/6 INFO :: Iteration=691, Time=1.784893e+01, dt=1.028154e-02, max(Re)=885.405738
2023-09-17 17:06:49,586 __main__ 0/6 INFO :: Iteration=701, Time=1.795175e+01, dt=1.028154e-02, max(Re)=873.366866
2023-09-17 17:06:49,732 __main__ 0/6 INFO :: Iteration=711, Time=1.805456e+01, dt=1.028154e-02, max(Re)=882.491985
2023-09-17 17:06:49,878 __main__ 0/6 INFO :: Iteration=721, Time=1.815738e+01, dt=1.028154e-02, max(Re)=894.997103
2023-09-17 17:06:50,026 __main__ 0/6 INFO :: Iteration=731, Time=1.826019e+01, dt=1.028154e-02, max(Re)=910.211691
2023-09-17 17:06:50,178 __main__ 0/6 INFO :: Iteration=741, Time=1.836301e+01, dt=1.028154e-02, max(Re)=923.516927
2023-09-17 17:06:50,399 __main__ 0/6 INFO :: Iteration=751, Time=1.847150e+01, dt=1.084873e-02, max(Re)=943.361625
2023-09-17 17:06:50,558 __main__ 0/6 INFO :: Iteration=761, Time=1.857998e+01, dt=1.084873e-02, max(Re)=958.720486
2023-09-17 17:06:50,706 __main__ 0/6 INFO :: Iteration=771, Time=1.868847e+01, dt=1.084873e-02, max(Re)=971.168455
2023-09-17 17:06:50,862 __main__ 0/6 INFO :: Iteration=781, Time=1.879696e+01, dt=1.084873e-02, max(Re)=978.750314
2023-09-17 17:06:51,005 __main__ 0/6 INFO :: Iteration=791, Time=1.890545e+01, dt=1.084873e-02, max(Re)=980.758306
2023-09-17 17:06:51,225 __main__ 0/6 INFO :: Iteration=801, Time=1.902003e+01, dt=1.145797e-02, max(Re)=979.385868
2023-09-17 17:06:51,364 __main__ 0/6 INFO :: Iteration=811, Time=1.913461e+01, dt=1.145797e-02, max(Re)=975.939289
2023-09-17 17:06:51,503 __main__ 0/6 INFO :: Iteration=821, Time=1.924919e+01, dt=1.145797e-02, max(Re)=973.682050
2023-09-17 17:06:51,720 __main__ 0/6 INFO :: Iteration=831, Time=1.936376e+01, dt=1.145797e-02, max(Re)=969.862009
2023-09-17 17:06:51,859 __main__ 0/6 INFO :: Iteration=841, Time=1.947834e+01, dt=1.145797e-02, max(Re)=964.467389
2023-09-17 17:06:52,085 __main__ 0/6 INFO :: Iteration=851, Time=1.960111e+01, dt=1.227647e-02, max(Re)=961.277131
2023-09-17 17:06:52,224 __main__ 0/6 INFO :: Iteration=861, Time=1.972387e+01, dt=1.227647e-02, max(Re)=956.833533
2023-09-17 17:06:52,442 __main__ 0/6 INFO :: Iteration=871, Time=1.983956e+01, dt=1.156887e-02, max(Re)=961.043302
2023-09-17 17:06:52,581 __main__ 0/6 INFO :: Iteration=881, Time=1.995525e+01, dt=1.156887e-02, max(Re)=962.861252
2023-09-17 17:06:52,799 __main__ 0/6 INFO :: Iteration=891, Time=2.006321e+01, dt=1.079593e-02, max(Re)=961.785419
2023-09-17 17:06:52,945 __main__ 0/6 INFO :: Iteration=901, Time=2.017117e+01, dt=1.079593e-02, max(Re)=955.413880
2023-09-17 17:06:53,095 __main__ 0/6 INFO :: Iteration=911, Time=2.027913e+01, dt=1.079593e-02, max(Re)=945.850316
2023-09-17 17:06:53,305 __main__ 0/6 INFO :: Iteration=921, Time=2.038040e+01, dt=1.012739e-02, max(Re)=938.100944
2023-09-17 17:06:53,444 __main__ 0/6 INFO :: Iteration=931, Time=2.048168e+01, dt=1.012739e-02, max(Re)=926.763186
2023-09-17 17:06:53,588 __main__ 0/6 INFO :: Iteration=941, Time=2.058295e+01, dt=1.012739e-02, max(Re)=915.445335
2023-09-17 17:06:53,726 __main__ 0/6 INFO :: Iteration=951, Time=2.068422e+01, dt=1.012739e-02, max(Re)=903.628618
2023-09-17 17:06:53,871 __main__ 0/6 INFO :: Iteration=961, Time=2.078550e+01, dt=1.012739e-02, max(Re)=887.585718
2023-09-17 17:06:54,009 __main__ 0/6 INFO :: Iteration=971, Time=2.088677e+01, dt=1.012739e-02, max(Re)=865.455656
2023-09-17 17:06:54,148 __main__ 0/6 INFO :: Iteration=981, Time=2.098805e+01, dt=1.012739e-02, max(Re)=843.098831
2023-09-17 17:06:54,302 __main__ 0/6 INFO :: Iteration=991, Time=2.108932e+01, dt=1.012739e-02, max(Re)=829.219335
2023-09-17 17:06:54,448 __main__ 0/6 INFO :: Iteration=1001, Time=2.119059e+01, dt=1.012739e-02, max(Re)=831.865607
2023-09-17 17:06:54,595 __main__ 0/6 INFO :: Iteration=1011, Time=2.129187e+01, dt=1.012739e-02, max(Re)=831.554577
2023-09-17 17:06:54,810 __main__ 0/6 INFO :: Iteration=1021, Time=2.139999e+01, dt=1.081177e-02, max(Re)=828.562191
2023-09-17 17:06:54,950 __main__ 0/6 INFO :: Iteration=1031, Time=2.150810e+01, dt=1.081177e-02, max(Re)=835.823223
2023-09-17 17:06:55,094 __main__ 0/6 INFO :: Iteration=1041, Time=2.161622e+01, dt=1.081177e-02, max(Re)=847.250791
2023-09-17 17:06:55,233 __main__ 0/6 INFO :: Iteration=1051, Time=2.172434e+01, dt=1.081177e-02, max(Re)=861.339184
2023-09-17 17:06:55,383 __main__ 0/6 INFO :: Iteration=1061, Time=2.183246e+01, dt=1.081177e-02, max(Re)=879.589345
2023-09-17 17:06:55,595 __main__ 0/6 INFO :: Iteration=1071, Time=2.194671e+01, dt=1.142574e-02, max(Re)=902.937836
2023-09-17 17:06:57,129 __main__ 0/6 INFO :: Iteration=1081, Time=2.206097e+01, dt=1.142574e-02, max(Re)=928.893026
2023-09-17 17:06:57,277 __main__ 0/6 INFO :: Iteration=1091, Time=2.217523e+01, dt=1.142574e-02, max(Re)=954.233615
2023-09-17 17:06:57,431 __main__ 0/6 INFO :: Iteration=1101, Time=2.228949e+01, dt=1.142574e-02, max(Re)=978.148130
2023-09-17 17:06:57,590 __main__ 0/6 INFO :: Iteration=1111, Time=2.240374e+01, dt=1.142574e-02, max(Re)=996.385543
2023-09-17 17:07:01,802 __main__ 0/6 INFO :: Iteration=1121, Time=2.252510e+01, dt=1.213520e-02, max(Re)=1007.689790
2023-09-17 17:07:01,948 __main__ 0/6 INFO :: Iteration=1131, Time=2.264645e+01, dt=1.213520e-02, max(Re)=1009.043309
2023-09-17 17:07:02,099 __main__ 0/6 INFO :: Iteration=1141, Time=2.276780e+01, dt=1.213520e-02, max(Re)=997.094440
2023-09-17 17:07:02,246 __main__ 0/6 INFO :: Iteration=1151, Time=2.288915e+01, dt=1.213520e-02, max(Re)=971.253467
2023-09-17 17:07:02,393 __main__ 0/6 INFO :: Iteration=1161, Time=2.301050e+01, dt=1.213520e-02, max(Re)=932.063281
2023-09-17 17:07:02,546 __main__ 0/6 INFO :: Iteration=1171, Time=2.313186e+01, dt=1.213520e-02, max(Re)=881.356667
2023-09-17 17:07:02,762 __main__ 0/6 INFO :: Iteration=1181, Time=2.324502e+01, dt=1.131689e-02, max(Re)=875.352934
2023-09-17 17:07:02,912 __main__ 0/6 INFO :: Iteration=1191, Time=2.335819e+01, dt=1.131689e-02, max(Re)=890.660593
2023-09-17 17:07:03,056 __main__ 0/6 INFO :: Iteration=1201, Time=2.347136e+01, dt=1.131689e-02, max(Re)=902.247581
2023-09-17 17:07:03,279 __main__ 0/6 INFO :: Iteration=1211, Time=2.357699e+01, dt=1.056308e-02, max(Re)=906.469578
2023-09-17 17:07:03,423 __main__ 0/6 INFO :: Iteration=1221, Time=2.368262e+01, dt=1.056308e-02, max(Re)=904.548458
2023-09-17 17:07:03,573 __main__ 0/6 INFO :: Iteration=1231, Time=2.378825e+01, dt=1.056308e-02, max(Re)=896.418104
2023-09-17 17:07:03,714 __main__ 0/6 INFO :: Iteration=1241, Time=2.389389e+01, dt=1.056308e-02, max(Re)=882.058444
2023-09-17 17:07:03,855 __main__ 0/6 INFO :: Iteration=1251, Time=2.399952e+01, dt=1.056308e-02, max(Re)=863.142138
2023-09-17 17:07:04,004 __main__ 0/6 INFO :: Iteration=1261, Time=2.410515e+01, dt=1.056308e-02, max(Re)=874.347734
2023-09-17 17:07:04,146 __main__ 0/6 INFO :: Iteration=1271, Time=2.421078e+01, dt=1.056308e-02, max(Re)=889.514228
2023-09-17 17:07:04,293 __main__ 0/6 INFO :: Iteration=1281, Time=2.431641e+01, dt=1.056308e-02, max(Re)=900.460955
2023-09-17 17:07:04,434 __main__ 0/6 INFO :: Iteration=1291, Time=2.442204e+01, dt=1.056308e-02, max(Re)=913.867926
2023-09-17 17:07:05,708 __main__ 0/6 INFO :: Iteration=1301, Time=2.453594e+01, dt=1.139001e-02, max(Re)=922.126023
2023-09-17 17:07:05,852 __main__ 0/6 INFO :: Iteration=1311, Time=2.464984e+01, dt=1.139001e-02, max(Re)=923.652730
2023-09-17 17:07:06,592 __main__ 0/6 INFO :: Iteration=1321, Time=2.477078e+01, dt=1.209389e-02, max(Re)=949.000799
2023-09-17 17:07:06,742 __main__ 0/6 INFO :: Iteration=1331, Time=2.489172e+01, dt=1.209389e-02, max(Re)=977.876715
2023-09-17 17:07:06,921 __main__ 0/6 INFO :: Iteration=1341, Time=2.501266e+01, dt=1.209389e-02, max(Re)=993.820715
2023-09-17 17:07:07,058 __main__ 0/6 INFO :: Iteration=1351, Time=2.513360e+01, dt=1.209389e-02, max(Re)=996.644327
2023-09-17 17:07:07,196 __main__ 0/6 INFO :: Iteration=1361, Time=2.525453e+01, dt=1.209389e-02, max(Re)=990.947997
2023-09-17 17:07:07,338 __main__ 0/6 INFO :: Iteration=1371, Time=2.537547e+01, dt=1.209389e-02, max(Re)=973.727387
2023-09-17 17:07:07,481 __main__ 0/6 INFO :: Iteration=1381, Time=2.549641e+01, dt=1.209389e-02, max(Re)=969.334357
2023-09-17 17:07:07,630 __main__ 0/6 INFO :: Iteration=1391, Time=2.561735e+01, dt=1.209389e-02, max(Re)=974.303991
2023-09-17 17:07:07,769 __main__ 0/6 INFO :: Iteration=1401, Time=2.573829e+01, dt=1.209389e-02, max(Re)=975.872115
2023-09-17 17:07:07,924 __main__ 0/6 INFO :: Iteration=1411, Time=2.585923e+01, dt=1.209389e-02, max(Re)=982.899864
2023-09-17 17:07:08,061 __main__ 0/6 INFO :: Iteration=1421, Time=2.598017e+01, dt=1.209389e-02, max(Re)=990.723456
2023-09-17 17:07:08,209 __main__ 0/6 INFO :: Iteration=1431, Time=2.610111e+01, dt=1.209389e-02, max(Re)=1004.552837
2023-09-17 17:07:08,420 __main__ 0/6 INFO :: Iteration=1441, Time=2.622960e+01, dt=1.284949e-02, max(Re)=1039.691549
2023-09-17 17:07:08,568 __main__ 0/6 INFO :: Iteration=1451, Time=2.635810e+01, dt=1.284949e-02, max(Re)=1073.994842
2023-09-17 17:07:08,781 __main__ 0/6 INFO :: Iteration=1461, Time=2.647716e+01, dt=1.190678e-02, max(Re)=1094.391114
2023-09-17 17:07:08,928 __main__ 0/6 INFO :: Iteration=1471, Time=2.659623e+01, dt=1.190678e-02, max(Re)=1105.933200
2023-09-17 17:07:09,140 __main__ 0/6 INFO :: Iteration=1481, Time=2.670659e+01, dt=1.103564e-02, max(Re)=1100.161631
2023-09-17 17:07:09,298 __main__ 0/6 INFO :: Iteration=1491, Time=2.681694e+01, dt=1.103564e-02, max(Re)=1083.820257
2023-09-17 17:07:09,523 __main__ 0/6 INFO :: Iteration=1501, Time=2.692125e+01, dt=1.043045e-02, max(Re)=1054.476431
2023-09-17 17:07:09,680 __main__ 0/6 INFO :: Iteration=1511, Time=2.702555e+01, dt=1.043045e-02, max(Re)=1019.160367
2023-09-17 17:07:09,829 __main__ 0/6 INFO :: Iteration=1521, Time=2.712986e+01, dt=1.043045e-02, max(Re)=978.407055
2023-09-17 17:07:10,047 __main__ 0/6 INFO :: Iteration=1531, Time=2.722881e+01, dt=9.894826e-03, max(Re)=934.975001
2023-09-17 17:07:10,201 __main__ 0/6 INFO :: Iteration=1541, Time=2.732775e+01, dt=9.894826e-03, max(Re)=890.721136
2023-09-17 17:07:10,349 __main__ 0/6 INFO :: Iteration=1551, Time=2.742670e+01, dt=9.894826e-03, max(Re)=859.687347
2023-09-17 17:07:10,584 __main__ 0/6 INFO :: Iteration=1561, Time=2.752565e+01, dt=9.894826e-03, max(Re)=860.388527
2023-09-17 17:07:10,802 __main__ 0/6 INFO :: Iteration=1571, Time=2.763062e+01, dt=1.049689e-02, max(Re)=860.964340
2023-09-17 17:07:10,949 __main__ 0/6 INFO :: Iteration=1581, Time=2.773559e+01, dt=1.049689e-02, max(Re)=863.408207
2023-09-17 17:07:11,173 __main__ 0/6 INFO :: Iteration=1591, Time=2.784927e+01, dt=1.136827e-02, max(Re)=874.100633
2023-09-17 17:07:11,317 __main__ 0/6 INFO :: Iteration=1601, Time=2.796295e+01, dt=1.136827e-02, max(Re)=891.093069
2023-09-17 17:07:11,466 __main__ 0/6 INFO :: Iteration=1611, Time=2.807664e+01, dt=1.136827e-02, max(Re)=908.909120
2023-09-17 17:07:11,608 __main__ 0/6 INFO :: Iteration=1621, Time=2.819032e+01, dt=1.136827e-02, max(Re)=919.125955
2023-09-17 17:07:11,920 __main__ 0/6 INFO :: Iteration=1631, Time=2.830400e+01, dt=1.136827e-02, max(Re)=922.425445
2023-09-17 17:07:12,061 __main__ 0/6 INFO :: Iteration=1641, Time=2.841769e+01, dt=1.136827e-02, max(Re)=920.564374
2023-09-17 17:07:12,214 __main__ 0/6 INFO :: Iteration=1651, Time=2.853137e+01, dt=1.136827e-02, max(Re)=914.696144
2023-09-17 17:07:12,357 __main__ 0/6 INFO :: Iteration=1661, Time=2.864505e+01, dt=1.136827e-02, max(Re)=905.127410
2023-09-17 17:07:12,571 __main__ 0/6 INFO :: Iteration=1671, Time=2.875286e+01, dt=1.078094e-02, max(Re)=895.524204
2023-09-17 17:07:12,718 __main__ 0/6 INFO :: Iteration=1681, Time=2.886067e+01, dt=1.078094e-02, max(Re)=887.574381
2023-09-17 17:07:12,857 __main__ 0/6 INFO :: Iteration=1691, Time=2.896848e+01, dt=1.078094e-02, max(Re)=890.729475
2023-09-17 17:07:13,004 __main__ 0/6 INFO :: Iteration=1701, Time=2.907629e+01, dt=1.078094e-02, max(Re)=904.391046
2023-09-17 17:07:13,143 __main__ 0/6 INFO :: Iteration=1711, Time=2.918410e+01, dt=1.078094e-02, max(Re)=917.480975
2023-09-17 17:07:13,298 __main__ 0/6 INFO :: Iteration=1721, Time=2.929191e+01, dt=1.078094e-02, max(Re)=931.315126
2023-09-17 17:07:13,441 __main__ 0/6 INFO :: Iteration=1731, Time=2.939972e+01, dt=1.078094e-02, max(Re)=943.556150
2023-09-17 17:07:13,585 __main__ 0/6 INFO :: Iteration=1741, Time=2.950753e+01, dt=1.078094e-02, max(Re)=953.518418
2023-09-17 17:07:13,735 __main__ 0/6 INFO :: Iteration=1751, Time=2.961534e+01, dt=1.078094e-02, max(Re)=965.220908
2023-09-17 17:07:13,878 __main__ 0/6 INFO :: Iteration=1761, Time=2.972314e+01, dt=1.078094e-02, max(Re)=969.904238
2023-09-17 17:07:14,096 __main__ 0/6 INFO :: Iteration=1771, Time=2.982285e+01, dt=9.970271e-03, max(Re)=972.496033
2023-09-17 17:07:14,237 __main__ 0/6 INFO :: Iteration=1781, Time=2.992255e+01, dt=9.970271e-03, max(Re)=977.289822
2023-09-17 17:07:14,388 __main__ 0/6 INFO :: Iteration=1791, Time=3.002225e+01, dt=9.970271e-03, max(Re)=985.236874
2023-09-17 17:07:14,603 __main__ 0/6 INFO :: Iteration=1801, Time=3.011627e+01, dt=9.401761e-03, max(Re)=991.842650
2023-09-17 17:07:14,745 __main__ 0/6 INFO :: Iteration=1811, Time=3.021029e+01, dt=9.401761e-03, max(Re)=992.341930
2023-09-17 17:07:15,072 __main__ 0/6 INFO :: Iteration=1821, Time=3.030431e+01, dt=9.401761e-03, max(Re)=984.411122
2023-09-17 17:07:15,212 __main__ 0/6 INFO :: Iteration=1831, Time=3.039832e+01, dt=9.401761e-03, max(Re)=976.948913
2023-09-17 17:07:15,425 __main__ 0/6 INFO :: Iteration=1841, Time=3.049727e+01, dt=9.895083e-03, max(Re)=958.775080
2023-09-17 17:07:15,572 __main__ 0/6 INFO :: Iteration=1851, Time=3.059623e+01, dt=9.895083e-03, max(Re)=952.089962
2023-09-17 17:07:15,784 __main__ 0/6 INFO :: Iteration=1861, Time=3.070038e+01, dt=1.041576e-02, max(Re)=945.364968
2023-09-17 17:07:15,934 __main__ 0/6 INFO :: Iteration=1871, Time=3.080454e+01, dt=1.041576e-02, max(Re)=935.833119
2023-09-17 17:07:16,073 __main__ 0/6 INFO :: Iteration=1881, Time=3.090870e+01, dt=1.041576e-02, max(Re)=923.325013
2023-09-17 17:07:16,221 __main__ 0/6 INFO :: Iteration=1891, Time=3.101286e+01, dt=1.041576e-02, max(Re)=908.919512
2023-09-17 17:07:16,362 __main__ 0/6 INFO :: Iteration=1901, Time=3.111701e+01, dt=1.041576e-02, max(Re)=893.318901
2023-09-17 17:07:16,500 __main__ 0/6 INFO :: Iteration=1911, Time=3.122117e+01, dt=1.041576e-02, max(Re)=877.850794
2023-09-17 17:07:16,780 __main__ 0/6 INFO :: Iteration=1921, Time=3.132533e+01, dt=1.041576e-02, max(Re)=864.815166
2023-09-17 17:07:16,918 __main__ 0/6 INFO :: Iteration=1931, Time=3.142949e+01, dt=1.041576e-02, max(Re)=853.886926
2023-09-17 17:07:17,060 __main__ 0/6 INFO :: Iteration=1941, Time=3.153364e+01, dt=1.041576e-02, max(Re)=848.442029
2023-09-17 17:07:17,198 __main__ 0/6 INFO :: Iteration=1951, Time=3.163780e+01, dt=1.041576e-02, max(Re)=846.732135
2023-09-17 17:07:17,337 __main__ 0/6 INFO :: Iteration=1961, Time=3.174196e+01, dt=1.041576e-02, max(Re)=846.874400
2023-09-17 17:07:17,550 __main__ 0/6 INFO :: Iteration=1971, Time=3.185133e+01, dt=1.093708e-02, max(Re)=843.559751
2023-09-17 17:07:17,689 __main__ 0/6 INFO :: Iteration=1981, Time=3.196070e+01, dt=1.093708e-02, max(Re)=835.866882
2023-09-17 17:07:17,841 __main__ 0/6 INFO :: Iteration=1991, Time=3.207007e+01, dt=1.093708e-02, max(Re)=825.820124
2023-09-17 17:07:18,052 __main__ 0/6 INFO :: Iteration=2001, Time=3.218708e+01, dt=1.170094e-02, max(Re)=829.308215
2023-09-17 17:07:18,196 __main__ 0/6 INFO :: Iteration=2011, Time=3.230409e+01, dt=1.170094e-02, max(Re)=838.865552
2023-09-17 17:07:18,334 __main__ 0/6 INFO :: Iteration=2021, Time=3.242110e+01, dt=1.170094e-02, max(Re)=846.728901
2023-09-17 17:07:18,477 __main__ 0/6 INFO :: Iteration=2031, Time=3.253811e+01, dt=1.170094e-02, max(Re)=853.865107
2023-09-17 17:07:18,614 __main__ 0/6 INFO :: Iteration=2041, Time=3.265512e+01, dt=1.170094e-02, max(Re)=861.096512
2023-09-17 17:07:18,768 __main__ 0/6 INFO :: Iteration=2051, Time=3.277213e+01, dt=1.170094e-02, max(Re)=865.615222
2023-09-17 17:07:18,906 __main__ 0/6 INFO :: Iteration=2061, Time=3.288914e+01, dt=1.170094e-02, max(Re)=876.363064
2023-09-17 17:07:19,044 __main__ 0/6 INFO :: Iteration=2071, Time=3.300615e+01, dt=1.170094e-02, max(Re)=891.385583
2023-09-17 17:07:19,188 __main__ 0/6 INFO :: Iteration=2081, Time=3.312316e+01, dt=1.170094e-02, max(Re)=914.537388
2023-09-17 17:07:19,333 __main__ 0/6 INFO :: Iteration=2091, Time=3.324017e+01, dt=1.170094e-02, max(Re)=935.094346
2023-09-17 17:07:19,482 __main__ 0/6 INFO :: Iteration=2101, Time=3.335717e+01, dt=1.170094e-02, max(Re)=954.079061
2023-09-17 17:07:19,623 __main__ 0/6 INFO :: Iteration=2111, Time=3.347418e+01, dt=1.170094e-02, max(Re)=969.243714
2023-09-17 17:07:19,773 __main__ 0/6 INFO :: Iteration=2121, Time=3.359119e+01, dt=1.170094e-02, max(Re)=977.328673
2023-09-17 17:07:19,924 __main__ 0/6 INFO :: Iteration=2131, Time=3.370820e+01, dt=1.170094e-02, max(Re)=978.275496
2023-09-17 17:07:20,069 __main__ 0/6 INFO :: Iteration=2141, Time=3.382521e+01, dt=1.170094e-02, max(Re)=973.799282
2023-09-17 17:07:20,210 __main__ 0/6 INFO :: Iteration=2151, Time=3.394222e+01, dt=1.170094e-02, max(Re)=966.219546
2023-09-17 17:07:21,280 __main__ 0/6 INFO :: Iteration=2161, Time=3.405923e+01, dt=1.170094e-02, max(Re)=952.602369
2023-09-17 17:07:21,425 __main__ 0/6 INFO :: Iteration=2171, Time=3.417624e+01, dt=1.170094e-02, max(Re)=933.493787
2023-09-17 17:07:22,743 __main__ 0/6 INFO :: Iteration=2181, Time=3.428437e+01, dt=1.081324e-02, max(Re)=919.645123
2023-09-17 17:07:22,882 __main__ 0/6 INFO :: Iteration=2191, Time=3.439251e+01, dt=1.081324e-02, max(Re)=910.526592
2023-09-17 17:07:23,099 __main__ 0/6 INFO :: Iteration=2201, Time=3.449461e+01, dt=1.021015e-02, max(Re)=915.248382
2023-09-17 17:07:23,245 __main__ 0/6 INFO :: Iteration=2211, Time=3.459671e+01, dt=1.021015e-02, max(Re)=916.528839
2023-09-17 17:07:23,383 __main__ 0/6 INFO :: Iteration=2221, Time=3.469881e+01, dt=1.021015e-02, max(Re)=914.381742
2023-09-17 17:07:23,526 __main__ 0/6 INFO :: Iteration=2231, Time=3.480091e+01, dt=1.021015e-02, max(Re)=907.679771
2023-09-17 17:07:23,668 __main__ 0/6 INFO :: Iteration=2241, Time=3.490301e+01, dt=1.021015e-02, max(Re)=896.158249
2023-09-17 17:07:23,809 __main__ 0/6 INFO :: Iteration=2251, Time=3.500511e+01, dt=1.021015e-02, max(Re)=881.598350
2023-09-17 17:07:23,968 __main__ 0/6 INFO :: Iteration=2261, Time=3.510722e+01, dt=1.021015e-02, max(Re)=865.739753
2023-09-17 17:07:24,108 __main__ 0/6 INFO :: Iteration=2271, Time=3.520932e+01, dt=1.021015e-02, max(Re)=849.396353
2023-09-17 17:07:24,326 __main__ 0/6 INFO :: Iteration=2281, Time=3.531658e+01, dt=1.072622e-02, max(Re)=833.596808
2023-09-17 17:07:24,464 __main__ 0/6 INFO :: Iteration=2291, Time=3.542384e+01, dt=1.072622e-02, max(Re)=829.417757
2023-09-17 17:07:24,680 __main__ 0/6 INFO :: Iteration=2301, Time=3.553110e+01, dt=1.072622e-02, max(Re)=823.671214
2023-09-17 17:07:24,896 __main__ 0/6 INFO :: Iteration=2311, Time=3.564568e+01, dt=1.145780e-02, max(Re)=815.994998
2023-09-17 17:07:25,039 __main__ 0/6 INFO :: Iteration=2321, Time=3.576026e+01, dt=1.145780e-02, max(Re)=810.925486
2023-09-17 17:07:25,198 __main__ 0/6 INFO :: Iteration=2331, Time=3.587484e+01, dt=1.145780e-02, max(Re)=809.931107
2023-09-17 17:07:25,338 __main__ 0/6 INFO :: Iteration=2341, Time=3.598942e+01, dt=1.145780e-02, max(Re)=813.526313
2023-09-17 17:07:25,483 __main__ 0/6 INFO :: Iteration=2351, Time=3.610399e+01, dt=1.145780e-02, max(Re)=808.893250
2023-09-17 17:07:25,625 __main__ 0/6 INFO :: Iteration=2361, Time=3.621857e+01, dt=1.145780e-02, max(Re)=806.918361
2023-09-17 17:07:25,776 __main__ 0/6 INFO :: Iteration=2371, Time=3.633315e+01, dt=1.145780e-02, max(Re)=801.616372
2023-09-17 17:07:25,991 __main__ 0/6 INFO :: Iteration=2381, Time=3.645346e+01, dt=1.203084e-02, max(Re)=793.595561
2023-09-17 17:07:26,182 __main__ 0/6 INFO :: Iteration=2391, Time=3.657377e+01, dt=1.203084e-02, max(Re)=784.836255
2023-09-17 17:07:26,323 __main__ 0/6 INFO :: Iteration=2401, Time=3.669408e+01, dt=1.203084e-02, max(Re)=776.164264
2023-09-17 17:07:26,466 __main__ 0/6 INFO :: Iteration=2411, Time=3.681438e+01, dt=1.203084e-02, max(Re)=765.093406
2023-09-17 17:07:26,674 __main__ 0/6 INFO :: Iteration=2421, Time=3.694102e+01, dt=1.266340e-02, max(Re)=758.837242
2023-09-17 17:07:26,905 __main__ 0/6 INFO :: Iteration=2431, Time=3.706765e+01, dt=1.266340e-02, max(Re)=759.131861
2023-09-17 17:07:27,042 __main__ 0/6 INFO :: Iteration=2441, Time=3.719429e+01, dt=1.266340e-02, max(Re)=760.077122
2023-09-17 17:07:27,188 __main__ 0/6 INFO :: Iteration=2451, Time=3.732092e+01, dt=1.266340e-02, max(Re)=771.583071
2023-09-17 17:07:27,325 __main__ 0/6 INFO :: Iteration=2461, Time=3.744755e+01, dt=1.266340e-02, max(Re)=785.194128
2023-09-17 17:07:27,499 __main__ 0/6 INFO :: Iteration=2471, Time=3.757419e+01, dt=1.266340e-02, max(Re)=798.246631
2023-09-17 17:07:27,636 __main__ 0/6 INFO :: Iteration=2481, Time=3.770082e+01, dt=1.266340e-02, max(Re)=812.151460
2023-09-17 17:07:27,780 __main__ 0/6 INFO :: Iteration=2491, Time=3.782746e+01, dt=1.266340e-02, max(Re)=827.378905
2023-09-17 17:07:27,919 __main__ 0/6 INFO :: Iteration=2501, Time=3.795409e+01, dt=1.266340e-02, max(Re)=845.589975
2023-09-17 17:07:28,067 __main__ 0/6 INFO :: Iteration=2511, Time=3.808072e+01, dt=1.266340e-02, max(Re)=863.083763
2023-09-17 17:07:28,205 __main__ 0/6 INFO :: Iteration=2521, Time=3.820736e+01, dt=1.266340e-02, max(Re)=876.331147
2023-09-17 17:07:28,351 __main__ 0/6 INFO :: Iteration=2531, Time=3.833399e+01, dt=1.266340e-02, max(Re)=885.299687
2023-09-17 17:07:28,490 __main__ 0/6 INFO :: Iteration=2541, Time=3.846063e+01, dt=1.266340e-02, max(Re)=887.907353
2023-09-17 17:07:28,633 __main__ 0/6 INFO :: Iteration=2551, Time=3.858726e+01, dt=1.266340e-02, max(Re)=885.866254
2023-09-17 17:07:28,772 __main__ 0/6 INFO :: Iteration=2561, Time=3.871389e+01, dt=1.266340e-02, max(Re)=882.113567
2023-09-17 17:07:28,922 __main__ 0/6 INFO :: Iteration=2571, Time=3.884053e+01, dt=1.266340e-02, max(Re)=875.608004
2023-09-17 17:07:29,062 __main__ 0/6 INFO :: Iteration=2581, Time=3.896716e+01, dt=1.266340e-02, max(Re)=868.501266
2023-09-17 17:07:29,210 __main__ 0/6 INFO :: Iteration=2591, Time=3.909380e+01, dt=1.266340e-02, max(Re)=863.131398
2023-09-17 17:07:29,354 __main__ 0/6 INFO :: Iteration=2601, Time=3.922043e+01, dt=1.266340e-02, max(Re)=862.680585
2023-09-17 17:07:29,501 __main__ 0/6 INFO :: Iteration=2611, Time=3.934706e+01, dt=1.266340e-02, max(Re)=866.809822
2023-09-17 17:07:29,713 __main__ 0/6 INFO :: Iteration=2621, Time=3.946422e+01, dt=1.171559e-02, max(Re)=876.353674
2023-09-17 17:07:29,862 __main__ 0/6 INFO :: Iteration=2631, Time=3.958138e+01, dt=1.171559e-02, max(Re)=886.769658
2023-09-17 17:07:30,001 __main__ 0/6 INFO :: Iteration=2641, Time=3.969853e+01, dt=1.171559e-02, max(Re)=896.070900
2023-09-17 17:07:30,216 __main__ 0/6 INFO :: Iteration=2651, Time=3.980763e+01, dt=1.091005e-02, max(Re)=900.826647
2023-09-17 17:07:30,357 __main__ 0/6 INFO :: Iteration=2661, Time=3.991673e+01, dt=1.091005e-02, max(Re)=905.696848
2023-09-17 17:07:30,506 __main__ 0/6 INFO :: Iteration=2671, Time=4.002583e+01, dt=1.091005e-02, max(Re)=909.295648
2023-09-17 17:07:30,648 __main__ 0/6 INFO :: Iteration=2681, Time=4.013493e+01, dt=1.091005e-02, max(Re)=947.586299
2023-09-17 17:07:30,861 __main__ 0/6 INFO :: Iteration=2691, Time=4.023521e+01, dt=1.002724e-02, max(Re)=980.235060
2023-09-17 17:07:31,160 __main__ 0/6 INFO :: Iteration=2701, Time=4.033548e+01, dt=1.002724e-02, max(Re)=1001.842252
2023-09-17 17:07:31,368 __main__ 0/6 INFO :: Iteration=2711, Time=4.042663e+01, dt=9.115558e-03, max(Re)=1007.837762
2023-09-17 17:07:31,860 __main__ 0/6 INFO :: Iteration=2721, Time=4.051779e+01, dt=9.115558e-03, max(Re)=1000.185873
2023-09-17 17:07:31,998 __main__ 0/6 INFO :: Iteration=2731, Time=4.060895e+01, dt=9.115558e-03, max(Re)=984.746235
2023-09-17 17:07:32,135 __main__ 0/6 INFO :: Iteration=2741, Time=4.070010e+01, dt=9.115558e-03, max(Re)=960.408257
2023-09-17 17:07:32,282 __main__ 0/6 INFO :: Iteration=2751, Time=4.079126e+01, dt=9.115558e-03, max(Re)=939.500542
2023-09-17 17:07:32,420 __main__ 0/6 INFO :: Iteration=2761, Time=4.088241e+01, dt=9.115558e-03, max(Re)=944.074982
2023-09-17 17:07:32,559 __main__ 0/6 INFO :: Iteration=2771, Time=4.097357e+01, dt=9.115558e-03, max(Re)=945.440509
2023-09-17 17:07:32,779 __main__ 0/6 INFO :: Iteration=2781, Time=4.107067e+01, dt=9.710145e-03, max(Re)=944.913419
2023-09-17 17:07:32,918 __main__ 0/6 INFO :: Iteration=2791, Time=4.116777e+01, dt=9.710145e-03, max(Re)=944.858543
2023-09-17 17:07:33,135 __main__ 0/6 INFO :: Iteration=2801, Time=4.127038e+01, dt=1.026105e-02, max(Re)=942.573245
2023-09-17 17:07:33,274 __main__ 0/6 INFO :: Iteration=2811, Time=4.137299e+01, dt=1.026105e-02, max(Re)=938.947098
2023-09-17 17:07:33,415 __main__ 0/6 INFO :: Iteration=2821, Time=4.147560e+01, dt=1.026105e-02, max(Re)=935.118369
2023-09-17 17:07:33,562 __main__ 0/6 INFO :: Iteration=2831, Time=4.157821e+01, dt=1.026105e-02, max(Re)=932.407387
2023-09-17 17:07:33,699 __main__ 0/6 INFO :: Iteration=2841, Time=4.168082e+01, dt=1.026105e-02, max(Re)=928.460741
2023-09-17 17:07:33,854 __main__ 0/6 INFO :: Iteration=2851, Time=4.178343e+01, dt=1.026105e-02, max(Re)=923.376866
2023-09-17 17:07:33,991 __main__ 0/6 INFO :: Iteration=2861, Time=4.188604e+01, dt=1.026105e-02, max(Re)=917.397467
2023-09-17 17:07:34,129 __main__ 0/6 INFO :: Iteration=2871, Time=4.198866e+01, dt=1.026105e-02, max(Re)=912.590246
2023-09-17 17:07:34,286 __main__ 0/6 INFO :: Iteration=2881, Time=4.209127e+01, dt=1.026105e-02, max(Re)=909.046254
2023-09-17 17:07:34,426 __main__ 0/6 INFO :: Iteration=2891, Time=4.219388e+01, dt=1.026105e-02, max(Re)=903.383544
2023-09-17 17:07:34,706 __main__ 0/6 INFO :: Iteration=2901, Time=4.230226e+01, dt=1.083887e-02, max(Re)=896.165004
2023-09-17 17:07:34,843 __main__ 0/6 INFO :: Iteration=2911, Time=4.241065e+01, dt=1.083887e-02, max(Re)=889.683996
2023-09-17 17:07:34,990 __main__ 0/6 INFO :: Iteration=2921, Time=4.251904e+01, dt=1.083887e-02, max(Re)=899.057174
2023-09-17 17:07:35,127 __main__ 0/6 INFO :: Iteration=2931, Time=4.262743e+01, dt=1.083887e-02, max(Re)=908.950328
2023-09-17 17:07:35,273 __main__ 0/6 INFO :: Iteration=2941, Time=4.273582e+01, dt=1.083887e-02, max(Re)=916.086555
2023-09-17 17:07:35,434 __main__ 0/6 INFO :: Iteration=2951, Time=4.284421e+01, dt=1.083887e-02, max(Re)=918.322807
2023-09-17 17:07:35,576 __main__ 0/6 INFO :: Iteration=2961, Time=4.295260e+01, dt=1.083887e-02, max(Re)=916.737018
2023-09-17 17:07:35,721 __main__ 0/6 INFO :: Iteration=2971, Time=4.306099e+01, dt=1.083887e-02, max(Re)=912.293853
2023-09-17 17:07:35,859 __main__ 0/6 INFO :: Iteration=2981, Time=4.316937e+01, dt=1.083887e-02, max(Re)=903.763616
2023-09-17 17:07:36,006 __main__ 0/6 INFO :: Iteration=2991, Time=4.327776e+01, dt=1.083887e-02, max(Re)=896.399128
2023-09-17 17:07:36,146 __main__ 0/6 INFO :: Iteration=3001, Time=4.338615e+01, dt=1.083887e-02, max(Re)=891.864065
2023-09-17 17:07:36,286 __main__ 0/6 INFO :: Iteration=3011, Time=4.349454e+01, dt=1.083887e-02, max(Re)=889.230137
2023-09-17 17:07:37,047 __main__ 0/6 INFO :: Iteration=3021, Time=4.360293e+01, dt=1.083887e-02, max(Re)=884.190090
2023-09-17 17:07:37,184 __main__ 0/6 INFO :: Iteration=3031, Time=4.371132e+01, dt=1.083887e-02, max(Re)=880.732332
2023-09-17 17:07:37,332 __main__ 0/6 INFO :: Iteration=3041, Time=4.381971e+01, dt=1.083887e-02, max(Re)=874.667647
2023-09-17 17:07:37,468 __main__ 0/6 INFO :: Iteration=3051, Time=4.392810e+01, dt=1.083887e-02, max(Re)=866.568433
2023-09-17 17:07:37,611 __main__ 0/6 INFO :: Iteration=3061, Time=4.403648e+01, dt=1.083887e-02, max(Re)=857.913853
2023-09-17 17:07:37,752 __main__ 0/6 INFO :: Iteration=3071, Time=4.414487e+01, dt=1.083887e-02, max(Re)=846.787436
2023-09-17 17:07:37,890 __main__ 0/6 INFO :: Iteration=3081, Time=4.425326e+01, dt=1.083887e-02, max(Re)=832.955574
2023-09-17 17:07:38,033 __main__ 0/6 INFO :: Iteration=3091, Time=4.436165e+01, dt=1.083887e-02, max(Re)=818.152216
2023-09-17 17:07:38,248 __main__ 0/6 INFO :: Iteration=3101, Time=4.447628e+01, dt=1.146313e-02, max(Re)=801.222913
2023-09-17 17:07:38,399 __main__ 0/6 INFO :: Iteration=3111, Time=4.459091e+01, dt=1.146313e-02, max(Re)=807.594816
2023-09-17 17:07:38,536 __main__ 0/6 INFO :: Iteration=3121, Time=4.470554e+01, dt=1.146313e-02, max(Re)=817.290859
2023-09-17 17:07:38,678 __main__ 0/6 INFO :: Iteration=3131, Time=4.482018e+01, dt=1.146313e-02, max(Re)=825.820848
2023-09-17 17:07:38,887 __main__ 0/6 INFO :: Iteration=3141, Time=4.494252e+01, dt=1.223490e-02, max(Re)=833.461354
2023-09-17 17:07:39,030 __main__ 0/6 INFO :: Iteration=3151, Time=4.506487e+01, dt=1.223490e-02, max(Re)=840.724953
2023-09-17 17:07:39,170 __main__ 0/6 INFO :: Iteration=3161, Time=4.518722e+01, dt=1.223490e-02, max(Re)=844.631566
2023-09-17 17:07:39,317 __main__ 0/6 INFO :: Iteration=3171, Time=4.530957e+01, dt=1.223490e-02, max(Re)=846.053699
2023-09-17 17:07:39,455 __main__ 0/6 INFO :: Iteration=3181, Time=4.543192e+01, dt=1.223490e-02, max(Re)=849.047964
2023-09-17 17:07:39,765 __main__ 0/6 INFO :: Iteration=3191, Time=4.555427e+01, dt=1.223490e-02, max(Re)=852.903382
2023-09-17 17:07:39,905 __main__ 0/6 INFO :: Iteration=3201, Time=4.567662e+01, dt=1.223490e-02, max(Re)=857.025918
2023-09-17 17:07:40,050 __main__ 0/6 INFO :: Iteration=3211, Time=4.579897e+01, dt=1.223490e-02, max(Re)=862.058361
2023-09-17 17:07:40,187 __main__ 0/6 INFO :: Iteration=3221, Time=4.592132e+01, dt=1.223490e-02, max(Re)=868.094633
2023-09-17 17:07:40,337 __main__ 0/6 INFO :: Iteration=3231, Time=4.604367e+01, dt=1.223490e-02, max(Re)=874.664210
2023-09-17 17:07:40,475 __main__ 0/6 INFO :: Iteration=3241, Time=4.616602e+01, dt=1.223490e-02, max(Re)=880.947148
2023-09-17 17:07:40,724 __main__ 0/6 INFO :: Iteration=3251, Time=4.628836e+01, dt=1.223490e-02, max(Re)=886.053722
2023-09-17 17:07:40,862 __main__ 0/6 INFO :: Iteration=3261, Time=4.641071e+01, dt=1.223490e-02, max(Re)=889.312049
2023-09-17 17:07:41,006 __main__ 0/6 INFO :: Iteration=3271, Time=4.653306e+01, dt=1.223490e-02, max(Re)=891.691362
2023-09-17 17:07:41,214 __main__ 0/6 INFO :: Iteration=3281, Time=4.664833e+01, dt=1.152684e-02, max(Re)=892.551971
2023-09-17 17:07:41,362 __main__ 0/6 INFO :: Iteration=3291, Time=4.676360e+01, dt=1.152684e-02, max(Re)=893.665820
2023-09-17 17:07:41,510 __main__ 0/6 INFO :: Iteration=3301, Time=4.687887e+01, dt=1.152684e-02, max(Re)=895.624825
2023-09-17 17:07:41,651 __main__ 0/6 INFO :: Iteration=3311, Time=4.699414e+01, dt=1.152684e-02, max(Re)=897.714304
2023-09-17 17:07:41,903 __main__ 0/6 INFO :: Iteration=3321, Time=4.710940e+01, dt=1.152684e-02, max(Re)=899.160497
2023-09-17 17:07:42,040 __main__ 0/6 INFO :: Iteration=3331, Time=4.722467e+01, dt=1.152684e-02, max(Re)=901.070094
2023-09-17 17:07:42,183 __main__ 0/6 INFO :: Iteration=3341, Time=4.733994e+01, dt=1.152684e-02, max(Re)=900.224357
2023-09-17 17:07:42,320 __main__ 0/6 INFO :: Iteration=3351, Time=4.745521e+01, dt=1.152684e-02, max(Re)=901.270661
2023-09-17 17:07:42,539 __main__ 0/6 INFO :: Iteration=3361, Time=4.756466e+01, dt=1.094536e-02, max(Re)=901.303504
2023-09-17 17:07:42,676 __main__ 0/6 INFO :: Iteration=3371, Time=4.767412e+01, dt=1.094536e-02, max(Re)=900.544794
2023-09-17 17:07:42,820 __main__ 0/6 INFO :: Iteration=3381, Time=4.778357e+01, dt=1.094536e-02, max(Re)=899.030190
2023-09-17 17:07:42,959 __main__ 0/6 INFO :: Iteration=3391, Time=4.789302e+01, dt=1.094536e-02, max(Re)=896.523691
2023-09-17 17:07:43,098 __main__ 0/6 INFO :: Iteration=3401, Time=4.800248e+01, dt=1.094536e-02, max(Re)=892.420346
2023-09-17 17:07:43,244 __main__ 0/6 INFO :: Iteration=3411, Time=4.811193e+01, dt=1.094536e-02, max(Re)=885.891151
2023-09-17 17:07:43,381 __main__ 0/6 INFO :: Iteration=3421, Time=4.822139e+01, dt=1.094536e-02, max(Re)=881.505923
2023-09-17 17:07:43,529 __main__ 0/6 INFO :: Iteration=3431, Time=4.833084e+01, dt=1.094536e-02, max(Re)=904.310109
2023-09-17 17:07:43,666 __main__ 0/6 INFO :: Iteration=3441, Time=4.844029e+01, dt=1.094536e-02, max(Re)=917.338649
2023-09-17 17:07:43,811 __main__ 0/6 INFO :: Iteration=3451, Time=4.854975e+01, dt=1.094536e-02, max(Re)=927.021165
2023-09-17 17:07:44,019 __main__ 0/6 INFO :: Iteration=3461, Time=4.866494e+01, dt=1.151898e-02, max(Re)=927.282528
2023-09-17 17:07:44,164 __main__ 0/6 INFO :: Iteration=3471, Time=4.878013e+01, dt=1.151898e-02, max(Re)=916.985876
2023-09-17 17:07:44,301 __main__ 0/6 INFO :: Iteration=3481, Time=4.889532e+01, dt=1.151898e-02, max(Re)=907.331782
2023-09-17 17:07:44,439 __main__ 0/6 INFO :: Iteration=3491, Time=4.901051e+01, dt=1.151898e-02, max(Re)=893.504013
2023-09-17 17:07:44,588 __main__ 0/6 INFO :: Iteration=3501, Time=4.912569e+01, dt=1.151898e-02, max(Re)=879.204153
2023-09-17 17:07:44,727 __main__ 0/6 INFO :: Iteration=3511, Time=4.924088e+01, dt=1.151898e-02, max(Re)=874.304221
2023-09-17 17:07:45,021 __main__ 0/6 INFO :: Iteration=3521, Time=4.935607e+01, dt=1.151898e-02, max(Re)=868.208074
2023-09-17 17:07:45,157 __main__ 0/6 INFO :: Iteration=3531, Time=4.947126e+01, dt=1.151898e-02, max(Re)=861.013081
2023-09-17 17:07:45,304 __main__ 0/6 INFO :: Iteration=3541, Time=4.958645e+01, dt=1.151898e-02, max(Re)=857.241126
2023-09-17 17:07:45,442 __main__ 0/6 INFO :: Iteration=3551, Time=4.970164e+01, dt=1.151898e-02, max(Re)=860.182307
2023-09-17 17:07:45,589 __main__ 0/6 INFO :: Iteration=3561, Time=4.981683e+01, dt=1.151898e-02, max(Re)=863.140514
2023-09-17 17:07:45,727 __main__ 0/6 INFO :: Iteration=3571, Time=4.993202e+01, dt=1.151898e-02, max(Re)=863.239307
2023-09-17 17:07:45,809 solvers 0/6 INFO :: Simulation stop time reached.
2023-09-17 17:07:45,809 solvers 0/6 INFO :: Final iteration: 3577
2023-09-17 17:07:45,809 solvers 0/6 INFO :: Final sim time: 50.00113723673554
2023-09-17 17:07:45,810 solvers 0/6 INFO :: Setup time (init - iter 0): 1.869 sec
2023-09-17 17:07:45,810 solvers 0/6 INFO :: Warmup time (iter 0-10): 0.4294 sec
2023-09-17 17:07:45,810 solvers 0/6 INFO :: Run time (iter 10-end): 69.57 sec
2023-09-17 17:07:45,810 solvers 0/6 INFO :: CPU time (iter 10-end): 0.116 cpu-hr
2023-09-17 17:07:45,810 solvers 0/6 INFO :: Speed: 1.142e+06 mode-stages/cpu-sec
